2018-11-12 11:37:56,841 - INFO - client - Initialization
2018-11-12 11:37:58,750 - INFO - client - Connecting localhost
2018-11-12 11:37:58,760 - INFO - client - Sending presence
2018-11-12 11:37:58,762 - INFO - client - Connection successful
2018-11-12 11:37:58,762 - INFO - client - Running threads
2018-11-12 11:38:05,438 - INFO - client - Initialization
2018-11-12 11:38:07,347 - INFO - client - Connecting localhost
2018-11-12 11:38:07,357 - INFO - client - Sending presence
2018-11-12 11:38:07,359 - INFO - client - Connection successful
2018-11-12 11:38:07,359 - INFO - client - Running threads
2018-11-12 11:38:09,678 - INFO - client - Message recieved
2018-11-12 11:38:14,544 - INFO - client - Message recieved
2018-11-12 11:39:03,657 - INFO - client - Initialization
2018-11-12 11:39:05,326 - INFO - client - Connecting localhost
2018-11-12 11:39:05,326 - INFO - client - Sending presence
2018-11-12 11:39:05,326 - INFO - client - Connection successful
2018-11-12 11:39:05,326 - INFO - client - Running threads
2018-11-12 11:39:17,760 - INFO - client - Initialization
2018-11-12 11:39:19,329 - INFO - client - Connecting localhost
2018-11-12 11:39:19,329 - INFO - client - Sending presence
2018-11-12 11:39:19,329 - INFO - client - Connection successful
2018-11-12 11:39:19,329 - INFO - client - Running threads
2018-11-12 11:39:23,482 - INFO - client - Message recieved
2018-11-12 11:39:49,897 - INFO - client - Message recieved
2018-11-12 11:39:51,722 - INFO - client - Message recieved
2018-11-12 11:39:53,112 - INFO - client - Message recieved
2018-11-12 11:39:56,872 - INFO - client - Message recieved
2018-11-12 11:39:57,809 - INFO - client - Message recieved
2018-11-12 11:39:58,610 - INFO - client - Message recieved
2018-11-12 11:40:01,455 - INFO - client - Message recieved
2018-11-12 11:40:04,746 - INFO - client - Message recieved
2018-11-12 11:40:07,218 - INFO - client - Message recieved
2018-11-18 19:03:39,722 - INFO - client - Connection successful
2018-11-18 19:03:39,722 - INFO - client - Running threads
2018-11-18 19:04:18,010 - INFO - client - Connection successful
2018-11-18 19:04:18,010 - INFO - client - Running threads
2018-11-18 19:04:51,662 - INFO - client - Connection successful
2018-11-18 19:04:51,662 - INFO - client - Running threads
2018-11-18 19:05:09,209 - INFO - client - Connection successful
2018-11-18 19:05:09,209 - INFO - client - Running threads
2018-11-18 19:05:53,578 - INFO - client - Connection successful
2018-11-18 19:05:53,578 - INFO - client - Running threads
2018-11-18 19:06:18,469 - INFO - client - Connection successful
2018-11-18 19:06:18,469 - INFO - client - Running threads
2018-11-18 19:06:33,393 - INFO - client - Connection successful
2018-11-18 19:06:33,393 - INFO - client - Running threads
2018-11-18 19:06:54,532 - INFO - client - Connection successful
2018-11-18 19:06:54,548 - INFO - client - Running threads
2018-11-18 19:07:27,447 - INFO - client - Connection successful
2018-11-18 19:07:27,447 - INFO - client - Running threads
2018-11-18 19:07:43,699 - INFO - client - Connection successful
2018-11-18 19:07:43,699 - INFO - client - Running threads
2018-11-18 19:08:10,619 - INFO - client - Connection successful
2018-11-18 19:08:10,619 - INFO - client - Running threads
2018-11-18 19:08:28,793 - INFO - client - Connection successful
2018-11-18 19:08:28,793 - INFO - client - Running threads
2018-11-18 19:08:39,645 - INFO - client - Connection successful
2018-11-18 19:08:39,645 - INFO - client - Running threads
2018-11-18 19:08:48,889 - INFO - client - Connection successful
2018-11-18 19:08:48,889 - INFO - client - Running threads
2018-11-18 19:09:00,210 - INFO - client - Connection successful
2018-11-18 19:09:00,210 - INFO - client - Running threads
2018-11-18 19:11:27,965 - INFO - client - Connection successful
2018-11-18 19:11:27,965 - INFO - client - Running threads
2018-11-18 19:11:43,178 - INFO - client - Connection successful
2018-11-18 19:11:43,178 - INFO - client - Running threads
2018-11-18 19:13:49,340 - INFO - client - Connection successful
2018-11-18 19:13:49,340 - INFO - client - Running threads
2018-11-18 19:14:16,119 - INFO - client - Connection successful
2018-11-18 19:14:16,119 - INFO - client - Running threads
2018-11-18 19:18:11,958 - INFO - client - Connection successful
2018-11-18 19:18:11,958 - INFO - client - Running threads
2018-11-18 19:18:42,867 - INFO - client - Connection successful
2018-11-18 19:18:42,883 - INFO - client - Running threads
2018-11-18 19:19:16,179 - INFO - client - Connection successful
2018-11-18 19:19:16,179 - INFO - client - Running threads
2018-11-18 19:20:36,289 - INFO - client - Connection successful
2018-11-18 19:20:36,289 - INFO - client - Running threads
2018-11-18 19:21:47,579 - INFO - client - Connection successful
2018-11-18 19:21:47,579 - INFO - client - Running threads
2018-11-18 19:23:03,683 - INFO - client - Connection successful
2018-11-18 19:23:03,683 - INFO - client - Running threads
2018-11-18 19:24:02,270 - INFO - client - Connection successful
2018-11-18 19:24:02,270 - INFO - client - Running threads
2018-11-18 19:24:42,312 - INFO - client - Connection successful
2018-11-18 19:24:42,312 - INFO - client - Running threads
2018-11-18 19:24:45,207 - INFO - client - Connection successful
2018-11-18 19:24:45,207 - INFO - client - Running threads
2018-11-18 19:26:02,902 - INFO - client - Connection successful
2018-11-18 19:26:02,902 - INFO - client - Running threads
2018-11-18 19:26:05,729 - INFO - client - Connection successful
2018-11-18 19:26:05,729 - INFO - client - Running threads
2018-11-18 19:26:53,481 - INFO - client - Connection successful
2018-11-18 19:26:53,481 - INFO - client - Running threads
2018-11-18 19:27:48,271 - INFO - client - Connection successful
2018-11-18 19:27:48,271 - INFO - client - Running threads
2018-11-18 19:27:51,333 - INFO - client - Connection successful
2018-11-18 19:27:51,348 - INFO - client - Running threads
2018-11-18 19:28:31,236 - INFO - client - Connection successful
2018-11-18 19:28:31,237 - INFO - client - Running threads
2018-11-18 19:28:33,929 - INFO - client - Connection successful
2018-11-18 19:28:33,929 - INFO - client - Running threads
2018-11-18 19:29:41,893 - INFO - client - Connection successful
2018-11-18 19:29:41,908 - INFO - client - Running threads
2018-11-18 19:29:47,121 - INFO - client - Connection successful
2018-11-18 19:29:47,121 - INFO - client - Running threads
2018-11-18 19:30:52,797 - INFO - client - Connection successful
2018-11-18 19:30:52,797 - INFO - client - Running threads
2018-11-18 19:30:54,978 - INFO - client - Connection successful
2018-11-18 19:30:54,978 - INFO - client - Running threads
2018-11-18 19:31:37,227 - INFO - client - Connection successful
2018-11-18 19:31:37,227 - INFO - client - Running threads
2018-11-18 19:31:40,059 - INFO - client - Connection successful
2018-11-18 19:31:40,059 - INFO - client - Running threads
2018-11-18 19:32:53,506 - INFO - client - Connection successful
2018-11-18 19:32:53,506 - INFO - client - Running threads
2018-11-18 19:32:56,474 - INFO - client - Connection successful
2018-11-18 19:32:56,474 - INFO - client - Running threads
2018-11-18 19:35:50,763 - INFO - client - Connection successful
2018-11-18 19:35:50,763 - INFO - client - Running threads
2018-11-18 19:35:59,999 - INFO - client - Connection successful
2018-11-18 19:35:59,999 - INFO - client - Running threads
2018-11-18 19:38:54,873 - INFO - client - Connection successful
2018-11-18 19:38:54,873 - INFO - client - Running threads
2018-11-18 19:58:06,585 - INFO - client - Connection successful
2018-11-18 19:58:06,585 - INFO - client - Running threads
2018-11-18 19:58:23,163 - INFO - client - Connection successful
2018-11-18 19:58:23,163 - INFO - client - Running threads
2018-11-18 19:59:01,639 - INFO - client - Connection successful
2018-11-18 19:59:01,654 - INFO - client - Running threads
2018-11-18 19:59:06,568 - INFO - client - Connection successful
2018-11-18 19:59:06,568 - INFO - client - Running threads
2018-11-18 19:59:53,437 - INFO - client - Connection successful
2018-11-18 19:59:53,437 - INFO - client - Running threads
2018-11-18 20:00:31,577 - INFO - client - Connection successful
2018-11-18 20:00:31,577 - INFO - client - Running threads
2018-11-18 20:00:59,911 - INFO - client - Connection successful
2018-11-18 20:00:59,911 - INFO - client - Running threads
2018-11-18 20:01:03,792 - INFO - client - Connection successful
2018-11-18 20:01:03,792 - INFO - client - Running threads
2018-11-18 20:01:35,730 - INFO - client - Connection successful
2018-11-18 20:01:35,730 - INFO - client - Running threads
2018-11-18 20:01:39,606 - INFO - client - Connection successful
2018-11-18 20:01:39,606 - INFO - client - Running threads
2018-11-18 20:02:00,567 - INFO - client - Connection successful
2018-11-18 20:02:00,567 - INFO - client - Running threads
2018-11-18 20:06:18,279 - INFO - client - Connection successful
2018-11-18 20:06:18,279 - INFO - client - Running threads
2018-11-18 20:06:39,989 - INFO - client - Connection successful
2018-11-18 20:06:40,005 - INFO - client - Running threads
2018-11-18 20:09:05,739 - INFO - client - Connection successful
2018-11-18 20:09:05,739 - INFO - client - Running threads
2018-11-18 20:09:30,237 - INFO - client - Connection successful
2018-11-18 20:09:30,237 - INFO - client - Running threads
2018-11-18 22:30:15,611 - INFO - client - Connection successful
2018-11-18 22:30:15,611 - INFO - client - Running threads
2018-11-18 22:30:36,985 - INFO - client - Connection successful
2018-11-18 22:30:36,985 - INFO - client - Running threads
2018-11-18 22:31:30,028 - INFO - client - Connection successful
2018-11-18 22:31:30,028 - INFO - client - Running threads
2018-11-18 22:32:28,855 - INFO - client - Connection successful
2018-11-18 22:32:28,855 - INFO - client - Running threads
2018-11-18 22:34:20,289 - INFO - client - Connection successful
2018-11-18 22:34:20,289 - INFO - client - Running threads
2018-11-18 22:34:22,711 - INFO - client - Connection successful
2018-11-18 22:34:22,711 - INFO - client - Running threads
2018-11-18 22:34:25,219 - INFO - client - Connection successful
2018-11-18 22:34:25,219 - INFO - client - Running threads
