
2018-11-12 11:37:52,472 - INFO - server - Initialization
2018-11-12 11:37:52,472 - INFO - server - Connecting
2018-11-12 11:37:52,488 - INFO - server - Reading clients
2018-11-12 11:37:58,761 - INFO - server - Connection accepted
2018-11-12 11:37:58,762 - INFO - server - Client connected
2018-11-12 11:38:07,358 - INFO - server - Connection accepted
2018-11-12 11:38:07,359 - INFO - server - Client connected
2018-11-12 11:39:00,106 - INFO - server - Initialization
2018-11-12 11:39:00,106 - INFO - server - Connecting
2018-11-12 11:39:00,122 - INFO - server - Reading clients
2018-11-12 11:39:05,326 - INFO - server - Connection accepted
2018-11-12 11:39:05,326 - INFO - server - Client connected
2018-11-12 11:39:19,329 - INFO - server - Connection accepted
2018-11-12 11:39:19,329 - INFO - server - Client connected
2018-11-18 19:03:13,039 - INFO - server - Initialization
2018-11-18 19:03:13,054 - INFO - server - Connecting
2018-11-18 19:03:13,070 - INFO - server - Reading clients
2018-11-18 19:03:39,706 - INFO - server - Connection accepted
2018-11-18 19:03:39,737 - INFO - server - Client connected
2018-11-18 19:04:18,010 - INFO - server - Connection accepted
2018-11-18 19:04:18,010 - INFO - server - Client connected
2018-11-18 19:04:51,662 - INFO - server - Connection accepted
2018-11-18 19:04:51,662 - INFO - server - Client connected
2018-11-18 19:05:09,208 - INFO - server - Connection accepted
2018-11-18 19:05:09,209 - INFO - server - Client connected
2018-11-18 19:05:44,484 - INFO - server - Initialization
2018-11-18 19:05:44,484 - INFO - server - Connecting
2018-11-18 19:05:44,499 - INFO - server - Reading clients
2018-11-18 19:05:53,578 - INFO - server - Connection accepted
2018-11-18 19:05:53,578 - INFO - server - Client connected
2018-11-18 19:06:18,469 - INFO - server - Connection accepted
2018-11-18 19:06:18,469 - INFO - server - Client connected
2018-11-18 19:06:33,393 - INFO - server - Connection accepted
2018-11-18 19:06:33,393 - INFO - server - Client connected
2018-11-18 19:06:54,532 - INFO - server - Connection accepted
2018-11-18 19:06:54,532 - INFO - server - Client connected
2018-11-18 19:07:27,447 - INFO - server - Connection accepted
2018-11-18 19:07:27,447 - INFO - server - Client connected
2018-11-18 19:07:43,699 - INFO - server - Connection accepted
2018-11-18 19:07:43,699 - INFO - server - Client connected
2018-11-18 19:08:10,619 - INFO - server - Connection accepted
2018-11-18 19:08:10,619 - INFO - server - Client connected
2018-11-18 19:08:28,793 - INFO - server - Connection accepted
2018-11-18 19:08:28,793 - INFO - server - Client connected
2018-11-18 19:08:39,645 - INFO - server - Connection accepted
2018-11-18 19:08:39,645 - INFO - server - Client connected
2018-11-18 19:08:48,888 - INFO - server - Connection accepted
2018-11-18 19:08:48,889 - INFO - server - Client connected
2018-11-18 19:09:00,209 - INFO - server - Connection accepted
2018-11-18 19:09:00,210 - INFO - server - Client connected
2018-11-18 19:11:17,662 - INFO - server - Initialization
2018-11-18 19:11:17,662 - INFO - server - Connecting
2018-11-18 19:11:24,352 - INFO - server - Initialization
2018-11-18 19:11:24,352 - INFO - server - Connecting
2018-11-18 19:11:24,352 - INFO - server - Reading clients
2018-11-18 19:11:27,949 - INFO - server - Connection accepted
2018-11-18 19:11:27,965 - INFO - server - Client connected
2018-11-18 19:11:43,178 - INFO - server - Connection accepted
2018-11-18 19:11:43,178 - INFO - server - Client connected
2018-11-18 19:13:46,149 - INFO - server - Initialization
2018-11-18 19:13:46,149 - INFO - server - Connecting
2018-11-18 19:13:46,165 - INFO - server - Reading clients
2018-11-18 19:13:49,340 - INFO - server - Connection accepted
2018-11-18 19:13:49,340 - INFO - server - Client connected
2018-11-18 19:14:07,434 - INFO - server - Initialization
2018-11-18 19:14:07,434 - INFO - server - Connecting
2018-11-18 19:14:16,119 - INFO - server - Connection accepted
2018-11-18 19:14:16,119 - INFO - server - Client connected
2018-11-18 19:18:11,958 - INFO - server - Connection accepted
2018-11-18 19:18:11,958 - INFO - server - Client connected
2018-11-18 19:18:42,867 - INFO - server - Connection accepted
2018-11-18 19:18:42,867 - INFO - server - Client connected
2018-11-18 19:19:16,179 - INFO - server - Connection accepted
2018-11-18 19:19:16,179 - INFO - server - Client connected
2018-11-18 19:20:36,289 - INFO - server - Connection accepted
2018-11-18 19:20:36,289 - INFO - server - Client connected
2018-11-18 19:21:47,579 - INFO - server - Connection accepted
2018-11-18 19:21:47,579 - INFO - server - Client connected
2018-11-18 19:23:03,683 - INFO - server - Connection accepted
2018-11-18 19:23:03,683 - INFO - server - Client connected
2018-11-18 19:24:02,270 - INFO - server - Connection accepted
2018-11-18 19:24:02,270 - INFO - server - Client connected
2018-11-18 19:24:39,134 - INFO - server - Initialization
2018-11-18 19:24:39,134 - INFO - server - Connecting
2018-11-18 19:24:39,150 - INFO - server - Reading clients
2018-11-18 19:24:42,312 - INFO - server - Connection accepted
2018-11-18 19:24:42,312 - INFO - server - Client connected
2018-11-18 19:24:45,206 - INFO - server - Connection accepted
2018-11-18 19:24:45,207 - INFO - server - Client connected
2018-11-18 19:25:59,870 - INFO - server - Initialization
2018-11-18 19:25:59,870 - INFO - server - Connecting
2018-11-18 19:25:59,886 - INFO - server - Reading clients
2018-11-18 19:26:02,902 - INFO - server - Connection accepted
2018-11-18 19:26:02,902 - INFO - server - Client connected
2018-11-18 19:26:05,729 - INFO - server - Connection accepted
2018-11-18 19:26:05,729 - INFO - server - Client connected
2018-11-18 19:26:53,481 - INFO - server - Connection accepted
2018-11-18 19:26:53,481 - INFO - server - Client connected
2018-11-18 19:27:48,271 - INFO - server - Connection accepted
2018-11-18 19:27:48,271 - INFO - server - Client connected
2018-11-18 19:27:51,333 - INFO - server - Connection accepted
2018-11-18 19:27:51,333 - INFO - server - Client connected
2018-11-18 19:28:31,235 - INFO - server - Connection accepted
2018-11-18 19:28:31,236 - INFO - server - Client connected
2018-11-18 19:28:33,929 - INFO - server - Connection accepted
2018-11-18 19:28:33,929 - INFO - server - Client connected
2018-11-18 19:29:41,893 - INFO - server - Connection accepted
2018-11-18 19:29:41,893 - INFO - server - Client connected
2018-11-18 19:29:47,121 - INFO - server - Connection accepted
2018-11-18 19:29:47,121 - INFO - server - Client connected
2018-11-18 19:30:52,797 - INFO - server - Connection accepted
2018-11-18 19:30:52,797 - INFO - server - Client connected
2018-11-18 19:30:54,978 - INFO - server - Connection accepted
2018-11-18 19:30:54,978 - INFO - server - Client connected
2018-11-18 19:31:37,226 - INFO - server - Connection accepted
2018-11-18 19:31:37,227 - INFO - server - Client connected
2018-11-18 19:31:40,059 - INFO - server - Connection accepted
2018-11-18 19:31:40,059 - INFO - server - Client connected
2018-11-18 19:32:50,524 - INFO - server - Initialization
2018-11-18 19:32:50,524 - INFO - server - Connecting
2018-11-18 19:32:50,540 - INFO - server - Reading clients
2018-11-18 19:32:53,491 - INFO - server - Connection accepted
2018-11-18 19:32:53,506 - INFO - server - Client connected
2018-11-18 19:32:56,474 - INFO - server - Connection accepted
2018-11-18 19:32:56,474 - INFO - server - Client connected
2018-11-18 19:35:46,400 - INFO - server - Initialization
2018-11-18 19:35:46,400 - INFO - server - Connecting
2018-11-18 19:35:46,400 - INFO - server - Reading clients
2018-11-18 19:35:50,748 - INFO - server - Connection accepted
2018-11-18 19:35:50,763 - INFO - server - Client connected
2018-11-18 19:35:59,999 - INFO - server - Connection accepted
2018-11-18 19:35:59,999 - INFO - server - Client connected
2018-11-18 19:38:54,873 - INFO - server - Connection accepted
2018-11-18 19:38:54,873 - INFO - server - Client connected
2018-11-18 19:58:03,234 - INFO - server - Initialization
2018-11-18 19:58:03,234 - INFO - server - Connecting
2018-11-18 19:58:03,250 - INFO - server - Reading clients
2018-11-18 19:58:06,585 - INFO - server - Connection accepted
2018-11-18 19:58:06,585 - INFO - server - Client connected
2018-11-18 19:58:23,163 - INFO - server - Connection accepted
2018-11-18 19:58:23,163 - INFO - server - Client connected
2018-11-18 19:59:01,639 - INFO - server - Connection accepted
2018-11-18 19:59:01,639 - INFO - server - Client connected
2018-11-18 19:59:06,568 - INFO - server - Connection accepted
2018-11-18 19:59:06,568 - INFO - server - Client connected
2018-11-18 19:59:53,437 - INFO - server - Connection accepted
2018-11-18 19:59:53,437 - INFO - server - Client connected
2018-11-18 20:00:31,561 - INFO - server - Connection accepted
2018-11-18 20:00:31,577 - INFO - server - Client connected
2018-11-18 20:00:59,911 - INFO - server - Connection accepted
2018-11-18 20:00:59,911 - INFO - server - Client connected
2018-11-18 20:01:03,792 - INFO - server - Connection accepted
2018-11-18 20:01:03,792 - INFO - server - Client connected
2018-11-18 20:01:32,433 - INFO - server - Initialization
2018-11-18 20:01:32,433 - INFO - server - Connecting
2018-11-18 20:01:32,449 - INFO - server - Reading clients
2018-11-18 20:01:35,730 - INFO - server - Connection accepted
2018-11-18 20:01:35,730 - INFO - server - Client connected
2018-11-18 20:01:39,606 - INFO - server - Connection accepted
2018-11-18 20:01:39,606 - INFO - server - Client connected
2018-11-18 20:02:00,567 - INFO - server - Connection accepted
2018-11-18 20:02:00,567 - INFO - server - Client connected
2018-11-18 20:06:12,460 - INFO - server - Initialization
2018-11-18 20:06:12,460 - INFO - server - Connecting
2018-11-18 20:06:12,475 - INFO - server - Reading clients
2018-11-18 20:06:18,264 - INFO - server - Connection accepted
2018-11-18 20:06:18,279 - INFO - server - Client connected
2018-11-18 20:06:39,989 - INFO - server - Connection accepted
2018-11-18 20:06:39,989 - INFO - server - Client connected
2018-11-18 20:09:05,739 - INFO - server - Connection accepted
2018-11-18 20:09:05,739 - INFO - server - Client connected
2018-11-18 20:09:30,236 - INFO - server - Connection accepted
2018-11-18 20:09:30,237 - INFO - server - Client connected
2018-11-18 22:30:11,253 - INFO - server - Initialization
2018-11-18 22:30:11,253 - INFO - server - Connecting
2018-11-18 22:30:11,253 - INFO - server - Reading clients
2018-11-18 22:30:15,611 - INFO - server - Connection accepted
2018-11-18 22:30:15,611 - INFO - server - Client connected
2018-11-18 22:30:36,985 - INFO - server - Connection accepted
2018-11-18 22:30:36,985 - INFO - server - Client connected
2018-11-18 22:31:30,028 - INFO - server - Connection accepted
2018-11-18 22:31:30,028 - INFO - server - Client connected
2018-11-18 22:32:28,855 - INFO - server - Connection accepted
2018-11-18 22:32:28,855 - INFO - server - Client connected
2018-11-18 22:34:16,467 - INFO - server - Initialization
2018-11-18 22:34:16,467 - INFO - server - Connecting
2018-11-18 22:34:16,483 - INFO - server - Reading clients
2018-11-18 22:34:20,289 - INFO - server - Connection accepted
2018-11-18 22:34:20,289 - INFO - server - Client connected
2018-11-18 22:34:22,711 - INFO - server - Connection accepted
2018-11-18 22:34:22,711 - INFO - server - Client connected
2018-11-18 22:34:25,219 - INFO - server - Connection accepted
2018-11-18 22:34:25,219 - INFO - server - Client connected
